<?xml version="1.0" encoding="UTF-8"?>
<testng-results ignored="0" total="1" passed="1" failed="0" skipped="0">
  <reporter-output>
  </reporter-output>
  <suite started-at="2024-03-26T17:36:47 IST" name="Surefire suite" finished-at="2024-03-26T17:37:03 IST" duration-ms="15188">
    <groups>
    </groups>
    <test started-at="2024-03-26T17:36:47 IST" name="Surefire test" finished-at="2024-03-26T17:37:03 IST" duration-ms="15188">
      <class name="demo.Test1">
        <test-method is-config="true" signature="setUp()[pri:0, instance:demo.Test1@2aa3cd93]" started-at="2024-03-26T17:36:48 IST" name="setUp" finished-at="2024-03-26T17:36:49 IST" duration-ms="1134" status="PASS">
          <reporter-output>
          </reporter-output>
        </test-method> <!-- setUp -->
        <test-method signature="test1()[pri:0, instance:demo.Test1@2aa3cd93]" started-at="2024-03-26T17:36:49 IST" name="test1" finished-at="2024-03-26T17:37:03 IST" duration-ms="13911" status="PASS">
          <reporter-output>
          </reporter-output>
        </test-method> <!-- test1 -->
        <test-method is-config="true" signature="tearDown()[pri:0, instance:demo.Test1@2aa3cd93]" started-at="2024-03-26T17:37:03 IST" name="tearDown" finished-at="2024-03-26T17:37:03 IST" duration-ms="123" status="PASS">
          <reporter-output>
          </reporter-output>
        </test-method> <!-- tearDown -->
      </class> <!-- demo.Test1 -->
    </test> <!-- Surefire test -->
  </suite> <!-- Surefire suite -->
</testng-results>
